-------------------------------------------------------------------------------
Test set: com.project.bidding.api.SpringSecurityJwtExampleApplicationTests
-------------------------------------------------------------------------------
Tests run: 1, Failures: 0, Errors: 1, Skipped: 0, Time elapsed: 0.255 s <<< FAILURE! - in com.project.bidding.api.SpringSecurityJwtExampleApplicationTests
com.project.bidding.api.SpringSecurityJwtExampleApplicationTests  Time elapsed: 0.253 s  <<< ERROR!
java.lang.IllegalStateException: Unable to find a @SpringBootConfiguration, you need to use @ContextConfiguration or @SpringBootTest(classes=...) with your test

